[debug] [2023-11-27T09:25:21.354Z] ----------------------------------------------------------------------
[debug] [2023-11-27T09:25:21.356Z] Command:       C:\Program Files\nodejs\node.exe C:\Users\littl\AppData\Roaming\npm\node_modules\firebase-tools\lib\bin\firebase.js init
[debug] [2023-11-27T09:25:21.356Z] CLI Version:   12.9.1
[debug] [2023-11-27T09:25:21.357Z] Platform:      win32
[debug] [2023-11-27T09:25:21.357Z] Node Version:  v21.2.0
[debug] [2023-11-27T09:25:21.357Z] Time:          Mon Nov 27 2023 09:25:21 GMT+0000 (Greenwich Mean Time)
[debug] [2023-11-27T09:25:21.357Z] ----------------------------------------------------------------------
[debug] 
[debug] [2023-11-27T09:25:21.428Z] > command requires scopes: ["email","openid","https://www.googleapis.com/auth/cloudplatformprojects.readonly","https://www.googleapis.com/auth/firebase","https://www.googleapis.com/auth/cloud-platform"]
[debug] [2023-11-27T09:25:21.428Z] > authorizing via signed-in user (littlejjgill@gmail.com)
[info] 
     ######## #### ########  ######## ########     ###     ######  ########
     ##        ##  ##     ## ##       ##     ##  ##   ##  ##       ##
     ######    ##  ########  ######   ########  #########  ######  ######
     ##        ##  ##    ##  ##       ##     ## ##     ##       ## ##
     ##       #### ##     ## ######## ########  ##     ##  ######  ########

You're about to initialize a Firebase project in this directory:

  C:\Users\littl\OneDrive\Desktop\portfolio

Before we get started, keep in mind:

  * You are initializing within an existing Firebase project directory

[info] 
=== Project Setup
[info] 
[info] First, let's associate this project directory with a Firebase project.
[info] You can create multiple project aliases by running firebase use --add, 
[info] but for now we'll just set up a default project.
[info] 
[debug] [2023-11-27T09:25:28.672Z] Using project from CLI flag: portfolio-2aaa6
[debug] [2023-11-27T09:25:28.673Z] >>> [apiv2][query] GET https://firebase.googleapis.com/v1beta1/projects/portfolio-2aaa6 [none]
[debug] [2023-11-27T09:25:29.001Z] <<< [apiv2][status] GET https://firebase.googleapis.com/v1beta1/projects/portfolio-2aaa6 200
[debug] [2023-11-27T09:25:29.002Z] <<< [apiv2][body] GET https://firebase.googleapis.com/v1beta1/projects/portfolio-2aaa6 {"projectId":"portfolio-2aaa6","projectNumber":"28882548069","displayName":"portfolio","name":"projects/portfolio-2aaa6","resources":{"hostingSite":"portfolio-2aaa6","realtimeDatabaseInstance":"portfolio-2aaa6-default-rtdb"},"state":"ACTIVE","etag":"1_748d73c3-3096-4aaf-913c-d5b2726231c5"}
[info] i  Using project portfolio-2aaa6 (portfolio) 
[info] 
=== Hosting Setup
[debug] [2023-11-27T09:25:29.011Z] >>> [apiv2][query] GET https://firebase.googleapis.com/v1beta1/projects/portfolio-2aaa6 [none]
[debug] [2023-11-27T09:25:29.410Z] <<< [apiv2][status] GET https://firebase.googleapis.com/v1beta1/projects/portfolio-2aaa6 200
[debug] [2023-11-27T09:25:29.410Z] <<< [apiv2][body] GET https://firebase.googleapis.com/v1beta1/projects/portfolio-2aaa6 {"projectId":"portfolio-2aaa6","projectNumber":"28882548069","displayName":"portfolio","name":"projects/portfolio-2aaa6","resources":{"hostingSite":"portfolio-2aaa6","realtimeDatabaseInstance":"portfolio-2aaa6-default-rtdb"},"state":"ACTIVE","etag":"1_748d73c3-3096-4aaf-913c-d5b2726231c5"}
[info] 
[info] Your public directory is the folder (relative to your project directory) that
[info] will contain Hosting assets to be uploaded with firebase deploy. If you
[info] have a build process for your assets, use your build's output directory.
[info] 
